Start testing: Aug 29 16:24 CEST
----------------------------------------------------------
1/1 Testing: test0exec
1/1 Test: test0exec
Command: "/media/para/Projects/apeiron/apeiron-core/build/tests/bin/test0exec"
Directory: /media/para/Projects/apeiron/apeiron-core/build/tests/test0
"test0exec" start time: Aug 29 16:24 CEST
Output:
----------------------------------------------------------
42
<end of output>
Test time =   0.00 sec
----------------------------------------------------------
Test Passed.
"test0exec" end time: Aug 29 16:24 CEST
"test0exec" time elapsed: 00:00:00
----------------------------------------------------------

End testing: Aug 29 16:24 CEST
